<?xml version="1.0" encoding="UTF-8"?>
<!-- Generated by org.testng.reporters.JUnitReportReporter -->
<testsuite skipped="0" hostname="LAPTOP-NSBDKA9J" name="testDatabase.TC004_deleteStudent" tests="1" failures="0" timestamp="14 Nov 2017 06:22:02 GMT" time="2.183" errors="0">
  <testcase name="deleteStudent" time="2.183" classname="testDatabase.TC004_deleteStudent"/>
</testsuite> <!-- testDatabase.TC004_deleteStudent -->
