<?xml version="1.0" encoding="UTF-8"?>
<!-- Generated by org.testng.reporters.JUnitReportReporter -->
<testsuite skipped="0" hostname="LAPTOP-NSBDKA9J" name="testDatabase.TC005_getStudentList" tests="6" failures="0" timestamp="13 Nov 2017 04:22:28 GMT" time="2.487" errors="0">
  <testcase name="getStudentDetails" time="0.039" classname="testDatabase.TC005_getStudentList"/>
  <testcase name="getStudentDetails" time="0.069" classname="testDatabase.TC005_getStudentList"/>
  <testcase name="getStudentDetails" time="0.044" classname="testDatabase.TC005_getStudentList"/>
  <testcase name="getStudentDetails" time="2.219" classname="testDatabase.TC005_getStudentList"/>
  <testcase name="getStudentDetails" time="0.054" classname="testDatabase.TC005_getStudentList"/>
  <testcase name="getStudentDetails" time="0.062" classname="testDatabase.TC005_getStudentList"/>
</testsuite> <!-- testDatabase.TC005_getStudentList -->
