<?xml version="1.0" encoding="UTF-8"?>
<!-- Generated by org.testng.reporters.JUnitReportReporter -->
<testsuite skipped="0" hostname="LAPTOP-NSBDKA9J" name="testExcelData.TC002_CountryDetails" tests="8" failures="0" timestamp="13 Nov 2017 23:41:58 GMT" time="2.680" errors="0">
  <testcase name="countryName" time="0.148" classname="testExcelData.TC002_CountryDetails"/>
  <testcase name="countryName" time="0.156" classname="testExcelData.TC002_CountryDetails"/>
  <testcase name="countryName" time="0.141" classname="testExcelData.TC002_CountryDetails"/>
  <testcase name="countryName" time="1.643" classname="testExcelData.TC002_CountryDetails"/>
  <testcase name="countryName" time="0.143" classname="testExcelData.TC002_CountryDetails"/>
  <testcase name="countryName" time="0.154" classname="testExcelData.TC002_CountryDetails"/>
  <testcase name="countryName" time="0.145" classname="testExcelData.TC002_CountryDetails"/>
  <testcase name="countryName" time="0.150" classname="testExcelData.TC002_CountryDetails"/>
</testsuite> <!-- testExcelData.TC002_CountryDetails -->
