<?xml version="1.0" encoding="UTF-8"?>
<!-- Generated by org.testng.reporters.JUnitReportReporter -->
<testsuite skipped="0" hostname="LAPTOP-NSBDKA9J" name="testExcelData.TC001_CircuitLocation" tests="19" failures="0" timestamp="13 Nov 2017 22:55:19 GMT" time="8.225" errors="0">
  <testcase name="locationTest" time="0.441" classname="testExcelData.TC001_CircuitLocation"/>
  <testcase name="locationTest" time="0.330" classname="testExcelData.TC001_CircuitLocation"/>
  <testcase name="locationTest" time="0.292" classname="testExcelData.TC001_CircuitLocation"/>
  <testcase name="locationTest" time="0.310" classname="testExcelData.TC001_CircuitLocation"/>
  <testcase name="locationTest" time="0.286" classname="testExcelData.TC001_CircuitLocation"/>
  <testcase name="locationTest" time="0.296" classname="testExcelData.TC001_CircuitLocation"/>
  <testcase name="locationTest" time="2.692" classname="testExcelData.TC001_CircuitLocation"/>
  <testcase name="locationTest" time="0.281" classname="testExcelData.TC001_CircuitLocation"/>
  <testcase name="locationTest" time="0.307" classname="testExcelData.TC001_CircuitLocation"/>
  <testcase name="locationTest" time="0.298" classname="testExcelData.TC001_CircuitLocation"/>
  <testcase name="locationTest" time="0.305" classname="testExcelData.TC001_CircuitLocation"/>
  <testcase name="locationTest" time="0.278" classname="testExcelData.TC001_CircuitLocation"/>
  <testcase name="locationTest" time="0.274" classname="testExcelData.TC001_CircuitLocation"/>
  <testcase name="locationTest" time="0.332" classname="testExcelData.TC001_CircuitLocation"/>
  <testcase name="locationTest" time="0.294" classname="testExcelData.TC001_CircuitLocation"/>
  <testcase name="locationTest" time="0.305" classname="testExcelData.TC001_CircuitLocation"/>
  <testcase name="locationTest" time="0.300" classname="testExcelData.TC001_CircuitLocation"/>
  <testcase name="locationTest" time="0.280" classname="testExcelData.TC001_CircuitLocation"/>
  <testcase name="locationTest" time="0.324" classname="testExcelData.TC001_CircuitLocation"/>
</testsuite> <!-- testExcelData.TC001_CircuitLocation -->
