<?xml version="1.0" encoding="UTF-8"?>
<!-- Generated by org.testng.reporters.JUnitReportReporter -->
<testsuite skipped="0" hostname="LAPTOP-NSBDKA9J" name="testDatabase.TC006_parameters" tests="1" failures="0" timestamp="14 Nov 2017 06:46:51 GMT" time="2.391" errors="0">
  <testcase name="parameters" time="2.391" classname="testDatabase.TC006_parameters"/>
</testsuite> <!-- testDatabase.TC006_parameters -->
