<?xml version="1.0" encoding="UTF-8"?>
<!-- Generated by org.testng.reporters.JUnitReportReporter -->
<testsuite name="com.automation.testcases.RegistrationTest" tests="1" time="6.063" ignored="0" failures="0" timestamp="16 Nov 2017 17:49:39 GMT" skipped="0" hostname="LAPTOP-NSBDKA9J" errors="0">
  <testcase name="verifyRegistrationSuccess" time="6.063" classname="com.automation.testcases.RegistrationTest"/>
</testsuite> <!-- com.automation.testcases.RegistrationTest -->
