<?xml version="1.0" encoding="UTF-8"?>
<!-- Generated by org.testng.reporters.JUnitReportReporter -->
<testsuite name="com.automation.testcases.LoginTest" tests="1" time="6.496" ignored="0" failures="0" timestamp="16 Nov 2017 17:49:16 GMT" skipped="0" hostname="LAPTOP-NSBDKA9J" errors="0">
  <testcase name="verifyLoginWithInvalidCredentials" time="6.496" classname="com.automation.testcases.LoginTest"/>
</testsuite> <!-- com.automation.testcases.LoginTest -->
