<?xml version="1.0" encoding="UTF-8"?>
<!-- Generated by org.testng.reporters.JUnitReportReporter -->
<testsuite hostname="LAPTOP-NSBDKA9J" name="com.cucumber.framework.runner.FacebookLoginFeatureRunner" tests="1" failures="0" timestamp="3 Dec 2017 21:57:10 GMT" time="10.037" errors="0">
  <testcase name="feature" time="10.037" classname="com.cucumber.framework.runner.FacebookLoginFeatureRunner"/>
</testsuite> <!-- com.cucumber.framework.runner.FacebookLoginFeatureRunner -->
